C:\Program Files (x86)\Microsoft Visual Studio\2019\Community\MSBuild\Microsoft\VC\v160\Microsoft.CppBuild.targets(513,5): warning MSB8028: El directorio intermedio (Debug\) contiene archivos compartidos de otro proyecto (FinalExam_Solution.vcxproj). Esto puede dar lugar a un comportamiento incorrecto de limpieza y recompilación.
  Main.cpp
C:\Users\rylang\Downloads\Programming_II_Final_Exam\FinalExam_Skeleton\FinalExam_Solution\Ex1.h(88,17): warning C4244: '=': conversión de 'time_t' a 'int'; posible pérdida de datos
C:\Users\rylang\Downloads\Programming_II_Final_Exam\FinalExam_Skeleton\FinalExam_Solution\Ex2.h(29,20): warning C4018: '<': no coinciden signed/unsigned
C:\Users\rylang\Downloads\Programming_II_Final_Exam\FinalExam_Skeleton\FinalExam_Solution\Ex2.h(33,21): warning C4018: '<': no coinciden signed/unsigned
C:\Users\rylang\Downloads\Programming_II_Final_Exam\FinalExam_Skeleton\FinalExam_Solution\Main.cpp(101,7): error C2374: 'res1': nueva definición; inicialización múltiple
C:\Users\rylang\Downloads\Programming_II_Final_Exam\FinalExam_Skeleton\FinalExam_Solution\Main.cpp(85): message : vea la declaración de 'res1'
C:\Users\rylang\Downloads\Programming_II_Final_Exam\FinalExam_Skeleton\FinalExam_Solution\Main.cpp(104,7): error C2374: 'res2': nueva definición; inicialización múltiple
C:\Users\rylang\Downloads\Programming_II_Final_Exam\FinalExam_Skeleton\FinalExam_Solution\Main.cpp(86): message : vea la declaración de 'res2'
C:\Users\rylang\Downloads\Programming_II_Final_Exam\FinalExam_Skeleton\FinalExam_Solution\Main.cpp(109,7): error C2374: 'res3': nueva definición; inicialización múltiple
C:\Users\rylang\Downloads\Programming_II_Final_Exam\FinalExam_Skeleton\FinalExam_Solution\Main.cpp(87): message : vea la declaración de 'res3'
C:\Users\rylang\Downloads\Programming_II_Final_Exam\FinalExam_Skeleton\FinalExam_Solution\Main.cpp(112,7): error C2374: 'res4': nueva definición; inicialización múltiple
C:\Users\rylang\Downloads\Programming_II_Final_Exam\FinalExam_Skeleton\FinalExam_Solution\Main.cpp(88): message : vea la declaración de 'res4'
C:\Users\rylang\Downloads\Programming_II_Final_Exam\FinalExam_Skeleton\FinalExam_Solution\Main.cpp(117,7): error C2374: 'res5': nueva definición; inicialización múltiple
C:\Users\rylang\Downloads\Programming_II_Final_Exam\FinalExam_Skeleton\FinalExam_Solution\Main.cpp(89): message : vea la declaración de 'res5'
C:\Users\rylang\Downloads\Programming_II_Final_Exam\FinalExam_Skeleton\FinalExam_Solution\Main.cpp(128,12): warning C4244: 'argumento': conversión de 'time_t' a 'unsigned int'; posible pérdida de datos
C:\Users\rylang\Downloads\Programming_II_Final_Exam\FinalExam_Skeleton\FinalExam_Solution\Main.cpp(140,7): error C2374: 'res1': nueva definición; inicialización múltiple
C:\Users\rylang\Downloads\Programming_II_Final_Exam\FinalExam_Skeleton\FinalExam_Solution\Main.cpp(85): message : vea la declaración de 'res1'
